android/app/build/outputs/mapping/release/seeds.txt
com.example.richzspot.MainActivity
com.example.richzspot.MainActivity: MainActivity()
...
android.support.v4.media.session.MediaSessionCompat$ResultReceiverWrapper
com.google.android.gms.internal.mlkit_vision_face.zzbp
com.google.android.gms.internal.mlkit_vision_face.zzf
com.google.mlkit.common.sdkinternal.model.ModelLoader$ModelContentHandler
com.google.mlkit.vision.common.zzb
com.google.android.gms.internal.mlkit_vision_face.zzpb
com.google.android.gms.internal.mlkit_vision_face.zzbw
com.google.mlkit.common.internal.MlKitInitProvider
com.google.mlkit.vision.common.internal.MultiFlavorDetectorCreator$DetectorOptions
com.google.firebase.messaging.FirebaseMessagingService
com.google.android.gms.internal.mlkit_vision_face.zzpd
com.google.mlkit.vision.face.internal.zzl
com.google.android.gms.internal.mlkit_vision_face.zzcy
android.support.v4.media.AudioAttributesCompatParcelizer
com.google.android.gms.internal.mlkit_vision_face.zzle
com.google.android.gms.internal.mlkit_vision_face.zziw
com.google.android.gms.common.api.GoogleApiActivity
com.google.android.gms.internal.mlkit_vision_face.zzcc
com.google.mlkit.common.sdkinternal.zzf
io.flutter.embedding.engine.renderer.FlutterRenderer$ImageTextureRegistryEntry
com.google.firebase.messaging.FirebaseMessagingKtxRegistrar
io.flutter.plugins.firebase.messaging.FlutterFirebaseMessagingService
androidx.versionedparcelable.CustomVersionedParcelable
androidx.camera.core.internal.compat.quirk.IncorrectJpegMetadataQuirk
com.google.android.gms.internal.mlkit_vision_face.zzlc
com.google.firebase.components.DependencyCycleException
com.google.android.gms.internal.mlkit_vision_face.zzif
com.google.android.gms.internal.mlkit_vision_face.zzcp
androidx.camera.video.internal.compat.quirk.MediaFormatMustNotUseFrameRateToFindEncoderQuirk
com.google.mlkit.common.internal.model.zzd
androidx.preference.CheckBoxPreference
com.google.android.gms.internal.mlkit_vision_face.zzjj
com.google.firebase.components.Lazy
com.google.android.gms.internal.mlkit_vision_face.zziu
androidx.camera.camera2.internal.compat.quirk.AutoFlashUnderExposedQuirk
com.google.firebase.components.ComponentContainer
com.google.android.gms.dynamite.descriptors.com.google.mlkit.dynamite.face.ModuleDescriptor
com.google.mlkit.common.model.RemoteModelManager$RemoteModelManagerRegistration
com.google.firebase.components.Preconditions
com.google.android.gms.internal.mlkit_vision_face.zzlt
io.flutter.embedding.engine.renderer.FlutterRenderer$ImageReaderSurfaceProducer
com.google.android.gms.internal.mlkit_vision_face.zznb
com.google.android.gms.internal.mlkit_vision_face.zzez
android.support.v4.app.RemoteActionCompatParcelizer
com.google.mlkit.common.internal.zze
com.google.mlkit.common.sdkinternal.model.RemoteModelDownloadManager
com.dexterous.flutterlocalnotifications.models.NotificationStyle
com.google.android.gms.internal.mlkit_vision_face.zzfz
androidx.camera.camera2.internal.compat.quirk.StillCaptureFlashStopRepeatingQuirk
com.google.mlkit.common.model.zza
com.google.android.gms.internal.mlkit_vision_face.zzpc
com.google.mlkit.common.model.DownloadConditions$Builder
android.support.v4.media.session.MediaControllerCompat$MediaControllerImplApi21$ExtraBinderRequestResultReceiver
com.google.android.gms.internal.mlkit_vision_face.zzlo
com.google.android.gms.internal.mlkit_vision_face.zzcl
com.google.android.gms.internal.mlkit_vision_face.zzhj
com.google.mlkit.common.R
androidx.lifecycle.ProcessLifecycleOwner$attach$1$onActivityPreCreated$1
androidx.preference.SwitchPreference
androidx.camera.core.internal.compat.quirk.LowMemoryQuirk
com.google.mlkit.vision.face.internal.FaceRegistrar
com.google.android.gms.internal.mlkit_vision_face.zzes
com.google.android.gms.internal.mlkit_vision_face.zzjn
androidx.camera.video.internal.compat.quirk.EncoderNotUsePersistentInputSurfaceQuirk
com.google.android.gms.internal.mlkit_vision_face.zzda
com.google.android.gms.internal.mlkit_vision_face.zzcr
com.google.android.gms.internal.mlkit_vision_face.zzj
com.google.android.gms.internal.mlkit_vision_face.zzgi