android/app/build/outputs/mapping/release/usage.txt
com.example.richzspot.R$drawable
com.example.richzspot.R$mipmap
com.example.richzspot.R$raw
com.example.richzspot.R$style
com.example.richzspot.R
...
org.checkerframework.common.value.qual.StringVal
org.checkerframework.common.value.qual.UnknownVal
org.checkerframework.dataflow.qual.AssertMethod
org.checkerframework.dataflow.qual.Deterministic
org.checkerframework.dataflow.qual.Impure
org.checkerframework.dataflow.qual.Pure$Kind
org.checkerframework.dataflow.qual.Pure
org.checkerframework.dataflow.qual.SideEffectFree
org.checkerframework.dataflow.qual.TerminatesExecution
org.checkerframework.framework.qual.AnnotatedFor
org.checkerframework.framework.qual.CFComment
org.checkerframework.framework.qual.ConditionalPostconditionAnnotation
org.checkerframework.framework.qual.Covariant
org.checkerframework.framework.qual.DefaultFor
org.checkerframework.framework.qual.DefaultQualifier$List
org.checkerframework.framework.qual.DefaultQualifier
org.checkerframework.framework.qual.DefaultQualifierForUse
org.checkerframework.framework.qual.DefaultQualifierInHierarchy
org.checkerframework.framework.qual.EnsuresQualifier$List
org.checkerframework.framework.qual.EnsuresQualifier
org.checkerframework.framework.qual.EnsuresQualifierIf$List
org.checkerframework.framework.qual.EnsuresQualifierIf
org.checkerframework.framework.qual.FieldInvariant
org.checkerframework.framework.qual.FromByteCode
org.checkerframework.framework.qual.FromStubFile
org.checkerframework.framework.qual.HasQualifierParameter
org.checkerframework.framework.qual.IgnoreInWholeProgramInference
org.checkerframework.framework.qual.InheritedAnnotation
org.checkerframework.framework.qual.InvisibleQualifier
org.checkerframework.framework.qual.JavaExpression
org.checkerframework.framework.qual.LiteralKind
org.checkerframework.framework.qual.MonotonicQualifier
org.checkerframework.framework.qual.NoDefaultQualifierForUse
org.checkerframework.framework.qual.NoQualifierParameter
org.checkerframework.framework.qual.PolymorphicQualifier
org.checkerframework.framework.qual.PostconditionAnnotation
org.checkerframework.framework.qual.PreconditionAnnotation
org.checkerframework.framework.qual.PurityUnqualified
org.checkerframework.framework.qual.QualifierArgument
org.checkerframework.framework.qual.QualifierForLiterals
org.checkerframework.framework.qual.RelevantJavaTypes
org.checkerframework.framework.qual.RequiresQualifier$List
org.checkerframework.framework.qual.RequiresQualifier
org.checkerframework.framework.qual.StubFiles
org.checkerframework.framework.qual.SubtypeOf
org.checkerframework.framework.qual.TargetLocations
org.checkerframework.framework.qual.TypeKind
org.checkerframework.framework.qual.TypeUseLocation
org.checkerframework.framework.qual.Unused
org.checkerframework.framework.qual.UpperBoundFor
org.intellij.lang.annotations.Flow
org.intellij.lang.annotations.Identifier
org.intellij.lang.annotations.JdkConstants$AdjustableOrientation
org.intellij.lang.annotations.JdkConstants$BoxLayoutAxis
org.intellij.lang.annotations.JdkConstants$CalendarMonth
org.intellij.lang.annotations.JdkConstants$CursorType
org.intellij.lang.annotations.JdkConstants$FlowLayoutAlignment
org.intellij.lang.annotations.JdkConstants$FontStyle
org.intellij.lang.annotations.JdkConstants$HorizontalAlignment
org.intellij.lang.annotations.JdkConstants$HorizontalScrollBarPolicy
org.intellij.lang.annotations.JdkConstants$InputEventMask
org.intellij.lang.annotations.JdkConstants$ListSelectionMode
org.intellij.lang.annotations.JdkConstants$PatternFlags
org.intellij.lang.annotations.JdkConstants$TabLayoutPolicy
org.intellij.lang.annotations.JdkConstants$TabPlacement
org.intellij.lang.annotations.JdkConstants$TitledBorderJustification
org.intellij.lang.annotations.JdkConstants$TitledBorderTitlePosition
org.intellij.lang.annotations.JdkConstants$TreeSelectionMode
org.intellij.lang.annotations.JdkConstants$VerticalScrollBarPolicy
org.intellij.lang.annotations.JdkConstants
org.intellij.lang.annotations.Language
org.intellij.lang.annotations.MagicConstant
org.intellij.lang.annotations.Pattern
org.intellij.lang.annotations.PrintFormat